<?xml version="1.0" encoding="UTF-8"?>
<!-- Generated by org.testng.reporters.JUnitReportReporter -->
<testsuite hostname="root.local" failures="0" tests="1" name="com.equifax1.testcases.TestGET" time="1.559" errors="0" timestamp="2021-06-14T01:18:48 EDT" skipped="0">
  <testcase classname="com.equifax1.testcases.TestGET" name="getWeatherDetails" time="1.559"/>
  <system-out/>
</testsuite> <!-- com.equifax1.testcases.TestGET -->
