<?xml version="1.0" encoding="UTF-8"?>
<!-- Generated by org.testng.reporters.JUnitReportReporter -->
<testsuite hostname="root.local" failures="0" tests="1" name="com.equifax1.testcases.TestDELETE" time="8.851" errors="0" timestamp="2021-06-14T02:43:27 EDT" skipped="0">
  <testcase classname="com.equifax1.testcases.TestDELETE" name="createEmployee" time="8.851"/>
  <system-out/>
</testsuite> <!-- com.equifax1.testcases.TestDELETE -->
